;;; 
Export: Release 23.0.0.0.0 - Production on Thu May 22 09:46:30 2025
Version 23.6.0.24.10

Copyright (c) 1982, 2024, Oracle and/or its affiliates.  All rights reserved.
;;; 
Connected to: Oracle Database 23ai Free Release 23.0.0.0.0 - Develop, Learn, and Run for Free
Starting "SYSTEM"."SYS_EXPORT_FULL_01":  system/********@MUSAPC:1521/freepdb1 full=Y dumpfile=expdb_free.dmp logfile=expdb_free.log 
Processing object type DATABASE_EXPORT/EARLY_OPTIONS/VIEWS_AS_TABLES/TABLE_DATA
Processing object type DATABASE_EXPORT/NORMAL_OPTIONS/TABLE_DATA
Processing object type DATABASE_EXPORT/NORMAL_OPTIONS/VIEWS_AS_TABLES/TABLE_DATA
Processing object type DATABASE_EXPORT/SCHEMA/TABLE/TABLE_DATA
Processing object type DATABASE_EXPORT/SCHEMA/TABLE/INDEX/STATISTICS/INDEX_STATISTICS
Processing object type DATABASE_EXPORT/SCHEMA/TABLE/STATISTICS/TABLE_STATISTICS
Processing object type DATABASE_EXPORT/TABLESPACE
Processing object type DATABASE_EXPORT/PROFILE
Processing object type DATABASE_EXPORT/SCHEMA/USER
Processing object type DATABASE_EXPORT/RADM_FPTM
Processing object type DATABASE_EXPORT/GRANT/SYSTEM_GRANT/PROC_SYSTEM_GRANT/RULE
Processing object type DATABASE_EXPORT/GRANT/SYSTEM_GRANT/PROC_SYSTEM_GRANT/AQ
Processing object type DATABASE_EXPORT/GRANT/SYSTEM_GRANT/PROC_SYSTEM_GRANT/SQL
Processing object type DATABASE_EXPORT/GRANT/SYSTEM_GRANT/PROC_SYSTEM_GRANT/JVM
Processing object type DATABASE_EXPORT/SCHEMA/GRANT/SYSTEM_GRANT
Processing object type DATABASE_EXPORT/SCHEMA/ROLE_GRANT
Processing object type DATABASE_EXPORT/SCHEMA/DEFAULT_ROLE
Processing object type DATABASE_EXPORT/SCHEMA/ON_USER_GRANT
Processing object type DATABASE_EXPORT/SCHEMA/TABLESPACE_QUOTA
Processing object type DATABASE_EXPORT/RESOURCE_COST
Processing object type DATABASE_EXPORT/TRUSTED_DB_LINK
Processing object type DATABASE_EXPORT/SYSTEM_PROCOBJACT/PRE_SYSTEM_ACTIONS/PROCACT_SYSTEM/LOGREP
Processing object type DATABASE_EXPORT/SYSTEM_PROCOBJACT/PRE_SYSTEM_ACTIONS/PROCACT_SYSTEM/RMGR
Processing object type DATABASE_EXPORT/SYSTEM_PROCOBJACT/PROCOBJ/RMGR
Processing object type DATABASE_EXPORT/SYSTEM_PROCOBJACT/PROCOBJ/SCHEDULER
Processing object type DATABASE_EXPORT/SYSTEM_PROCOBJACT/POST_SYSTEM_ACTIONS/PROCACT_SYSTEM/RMGR
Processing object type DATABASE_EXPORT/SYSTEM_PROCOBJACT/POST_SYSTEM_ACTIONS/PROCACT_SYSTEM/SEC
Processing object type DATABASE_EXPORT/SCHEMA/PROCACT_SCHEMA/LOGREP
Processing object type DATABASE_EXPORT/EARLY_OPTIONS/VIEWS_AS_TABLES/TABLE
Processing object type DATABASE_EXPORT/NORMAL_OPTIONS/TABLE
Processing object type DATABASE_EXPORT/NORMAL_OPTIONS/VIEWS_AS_TABLES/TABLE
Processing object type DATABASE_EXPORT/SCHEMA/TABLE/TABLE
Processing object type DATABASE_EXPORT/SCHEMA/TABLE/COMMENT
Processing object type DATABASE_EXPORT/SCHEMA/TABLE/INDEX/INDEX
Processing object type DATABASE_EXPORT/AUDIT_UNIFIED/AUDIT_POLICY_ENABLE
. . exported "SYS"."KU$_USER_MAPPING_VIEW"                 6.1 KB      37 rows
. . exported "AUDSYS"."AUD$UNIFIED":"SYS_P243"            23.4 MB   13731 rows
. . exported "AUDSYS"."AUD$UNIFIED":"SYS_P263"            57.2 KB       1 rows
. . exported "AUDSYS"."AUD$UNIFIED":"SYS_P2593"           57.2 KB       1 rows
. . exported "SYS"."SQL_LOG$"                                0 KB       0 rows
. . exported "WMSYS"."WM$CONSTRAINTS_TABLE$"                 0 KB       0 rows
. . exported "WMSYS"."WM$LOCKROWS_INFO$"                     0 KB       0 rows
. . exported "WMSYS"."WM$UDTRIG_INFO$"                       0 KB       0 rows
. . exported "SYSTEM"."REDO_DB"                           27.2 KB       1 rows
. . exported "WMSYS"."WM$WORKSPACES_TABLE$"               12.5 KB       1 rows
. . exported "WMSYS"."WM$HINT_TABLE$"                     10.1 KB      97 rows
. . exported "LBACSYS"."OLS$INSTALLATIONS"                 7.1 KB       2 rows
. . exported "WMSYS"."WM$WORKSPACE_PRIV_TABLE$"            7.2 KB      11 rows
. . exported "SYS"."DAM_CONFIG_PARAM$"                     6.6 KB      13 rows
. . exported "SYS"."TSDP_SUBPOL$"                          6.4 KB       1 rows
. . exported "WMSYS"."WM$NEXTVER_TABLE$"                   6.5 KB       1 rows
. . exported "LBACSYS"."OLS$PROPS"                         6.2 KB       3 rows
. . exported "WMSYS"."WM$ENV_VARS$"                        6.1 KB       3 rows
. . exported "SYS"."TSDP_PARAMETER$"                         6 KB       1 rows
. . exported "SYS"."TSDP_POLICY$"                            6 KB       1 rows
. . exported "WMSYS"."WM$VERSION_HIERARCHY_TABLE$"         6.1 KB       1 rows
. . exported "WMSYS"."WM$EVENTS_INFO$"                     5.9 KB      12 rows
. . exported "LBACSYS"."OLS$AUDIT_ACTIONS"                 5.8 KB       8 rows
. . exported "LBACSYS"."OLS$DIP_EVENTS"                    5.6 KB       2 rows
. . exported "AUDSYS"."AUD$UNIFIED":"AUD_UNIFIED_P0"         0 KB       0 rows
. . exported "LBACSYS"."OLS$AUDIT"                           0 KB       0 rows
. . exported "LBACSYS"."OLS$COMPARTMENTS"                    0 KB       0 rows
. . exported "LBACSYS"."OLS$DIP_DEBUG"                       0 KB       0 rows
. . exported "LBACSYS"."OLS$GROUPS"                          0 KB       0 rows
. . exported "LBACSYS"."OLS$LAB"                             0 KB       0 rows
. . exported "LBACSYS"."OLS$LEVELS"                          0 KB       0 rows
. . exported "LBACSYS"."OLS$POL"                             0 KB       0 rows
. . exported "LBACSYS"."OLS$POLICY_ADMIN"                    0 KB       0 rows
. . exported "LBACSYS"."OLS$POLS"                            0 KB       0 rows
. . exported "LBACSYS"."OLS$POLT"                            0 KB       0 rows
. . exported "LBACSYS"."OLS$PROFILE"                         0 KB       0 rows
. . exported "LBACSYS"."OLS$PROFILES"                        0 KB       0 rows
. . exported "LBACSYS"."OLS$PROG"                            0 KB       0 rows
. . exported "LBACSYS"."OLS$SESSINFO"                        0 KB       0 rows
. . exported "LBACSYS"."OLS$USER"                            0 KB       0 rows
. . exported "LBACSYS"."OLS$USER_COMPARTMENTS"               0 KB       0 rows
. . exported "LBACSYS"."OLS$USER_GROUPS"                     0 KB       0 rows
. . exported "LBACSYS"."OLS$USER_LEVELS"                     0 KB       0 rows
. . exported "SYS"."AUD$"                                    0 KB       0 rows
. . exported "SYS"."DAM_CLEANUP_EVENTS$"                     0 KB       0 rows
. . exported "SYS"."DAM_CLEANUP_JOBS$"                       0 KB       0 rows
. . exported "SYS"."FW_ALLOW_LIST$"                          0 KB       0 rows
. . exported "SYS"."FW_ALLOW_LIST_CONTEXT$"                  0 KB       0 rows
. . exported "SYS"."FW_ALLOW_LIST_SQL$"                      0 KB       0 rows
. . exported "SYS"."FW_CAPTURE$"                             0 KB       0 rows
. . exported "SYS"."TSDP_ASSOCIATION$"                       0 KB       0 rows
. . exported "SYS"."TSDP_CONDITION$"                         0 KB       0 rows
. . exported "SYS"."TSDP_FEATURE_POLICY$"                    0 KB       0 rows
. . exported "SYS"."TSDP_PROTECTION$"                        0 KB       0 rows
. . exported "SYS"."TSDP_SENSITIVE_DATA$"                    0 KB       0 rows
. . exported "SYS"."TSDP_SENSITIVE_TYPE$"                    0 KB       0 rows
. . exported "SYS"."TSDP_SOURCE$"                            0 KB       0 rows
. . exported "SYSTEM"."REDO_LOG"                             0 KB       0 rows
. . exported "WMSYS"."WM$BATCH_COMPRESSIBLE_TABLES$"         0 KB       0 rows
. . exported "WMSYS"."WM$CONS_COLUMNS$"                      0 KB       0 rows
. . exported "WMSYS"."WM$MODIFIED_TABLES$"                   0 KB       0 rows
. . exported "WMSYS"."WM$MP_GRAPH_WORKSPACES_TABLE$"         0 KB       0 rows
. . exported "WMSYS"."WM$MP_PARENT_WORKSPACES_TABLE$"        0 KB       0 rows
. . exported "WMSYS"."WM$NESTED_COLUMNS_TABLE$"              0 KB       0 rows
. . exported "WMSYS"."WM$RESOLVE_WORKSPACES_TABLE$"          0 KB       0 rows
. . exported "WMSYS"."WM$RIC_LOCKING_TABLE$"                 0 KB       0 rows
. . exported "WMSYS"."WM$RIC_TABLE$"                         0 KB       0 rows
. . exported "WMSYS"."WM$RIC_TRIGGERS_TABLE$"                0 KB       0 rows
. . exported "WMSYS"."WM$UDTRIG_DISPATCH_PROCS$"             0 KB       0 rows
. . exported "WMSYS"."WM$VERSION_TABLE$"                     0 KB       0 rows
. . exported "WMSYS"."WM$VT_ERRORS_TABLE$"                   0 KB       0 rows
. . exported "WMSYS"."WM$WORKSPACE_SAVEPOINTS_TABLE$"        0 KB       0 rows
. . exported "SYS"."FGA_LOG$FOR_EXPORT"                      0 KB       0 rows
. . exported "SYS"."GV_$UNIFIED_AUDIT_TRAIL"                 0 KB       0 rows
. . exported "SYS"."SQL$TEXT_DATAPUMP"                       0 KB       0 rows
. . exported "SYS"."SQL$_DATAPUMP"                           0 KB       0 rows
. . exported "SYS"."SQLOBJ$AUXDATA_DATAPUMP"                 0 KB       0 rows
. . exported "SYS"."SQLOBJ$DATA_DATAPUMP"                    0 KB       0 rows
. . exported "SYS"."SQLOBJ$PLAN_DATAPUMP"                    0 KB       0 rows
. . exported "SYS"."SQLOBJ$_DATAPUMP"                        0 KB       0 rows
. . exported "SYSTEM"."SCHEDULER_JOB_ARGS"                   0 KB       0 rows
. . exported "SYSTEM"."SCHEDULER_PROGRAM_ARGS"               0 KB       0 rows
. . exported "WMSYS"."WM$EXP_MAP"                          7.9 KB       3 rows
. . exported "WMSYS"."WM$METADATA_MAP"                       0 KB       0 rows
. . exported "MDSYS"."RDF_PARAM$"                          6.6 KB       3 rows
. . exported "SYS"."AUDTAB$TBS$FOR_EXPORT"                   6 KB       2 rows
. . exported "SYS"."DBA_SENSITIVE_DATA"                      0 KB       0 rows
. . exported "SYS"."DBA_TSDP_POLICY_PROTECTION"              0 KB       0 rows
. . exported "SYS"."NACL$_ACE_EXP"                           0 KB       0 rows
. . exported "SYS"."NACL$_HOST_EXP"                        7.5 KB       1 rows
. . exported "SYS"."NACL$_WALLET_EXP"                        0 KB       0 rows
Master table "SYSTEM"."SYS_EXPORT_FULL_01" successfully loaded/unloaded
******************************************************************************
Dump file set for SYSTEM.SYS_EXPORT_FULL_01 is:
  E:\ORACLE23AI\ADMIN\FREE\DPDUMP\A9E492E574614543966F5CBE492A18B3\EXPDB_FREE.DMP
Job "SYSTEM"."SYS_EXPORT_FULL_01" successfully completed at Thu May 22 09:51:35 2025 elapsed 0 00:05:02
