;;; 
Export: Release 23.0.0.0.0 - Production on Fri May 2 12:12:56 2025
Version 23.6.0.24.10

Copyright (c) 1982, 2024, Oracle and/or its affiliates.  All rights reserved.
;;; 
Connected to: Oracle Database 23ai Free Release 23.0.0.0.0 - Develop, Learn, and Run for Free
Starting "C##MUSA"."SYS_EXPORT_SCHEMA_01":  C##MUSA/********@FREE schemas=C##MUSA directory=EXPORT_DIR dumpfile=exported_data.dmp logfile=export.log 
Processing object type SCHEMA_EXPORT/TABLE/TABLE_DATA
Processing object type SCHEMA_EXPORT/TABLE/INDEX/STATISTICS/INDEX_STATISTICS
Processing object type SCHEMA_EXPORT/TABLE/STATISTICS/TABLE_STATISTICS
Processing object type SCHEMA_EXPORT/USER
Processing object type SCHEMA_EXPORT/SYSTEM_GRANT
Processing object type SCHEMA_EXPORT/ROLE_GRANT
Processing object type SCHEMA_EXPORT/DEFAULT_ROLE
Processing object type SCHEMA_EXPORT/PRE_SCHEMA/PROCACT_SCHEMA/LOGREP
Processing object type SCHEMA_EXPORT/SEQUENCE/SEQUENCE
Processing object type SCHEMA_EXPORT/TABLE/TABLE
Processing object type SCHEMA_EXPORT/TABLE/COMMENT
Processing object type SCHEMA_EXPORT/TABLE/IDENTITY_COLUMN
Processing object type SCHEMA_EXPORT/TABLE/INDEX/INDEX
Processing object type SCHEMA_EXPORT/TABLE/CONSTRAINT/CONSTRAINT
. . exported "C##MUSA"."MUDURLUKLER"                         2 MB      29 rows
. . exported "C##MUSA"."TARİHİ_YERLER"                    26.1 KB      12 rows
. . exported "C##MUSA"."KULLANICILAR"                      7.1 KB       9 rows
. . exported "C##MUSA"."HIZMETLER"                           0 KB       0 rows
. . exported "C##MUSA"."SAYFALAR"                            0 KB       0 rows
Master table "C##MUSA"."SYS_EXPORT_SCHEMA_01" successfully loaded/unloaded
******************************************************************************
Dump file set for C##MUSA.SYS_EXPORT_SCHEMA_01 is:
  D:\JAVAKOCAELI\KOCAELIBELPROJE\EXPORT\EXPORTED_DATA.DMP
Job "C##MUSA"."SYS_EXPORT_SCHEMA_01" successfully completed at Fri May 2 12:14:22 2025 elapsed 0 00:01:25
